2021-06-30 13:10:43.5727 Debug - Bank2.Program: Hello
2021-06-30 13:55:53.0570 Debug - Bank2.Program: Hello
2021-06-30 13:55:53.1511 Error - Bank2.Transaction: Error - not decimal
2021-06-30 14:04:23.0659 Debug - Bank2.Program: Hello
2021-06-30 14:04:23.1758 Error - Bank2.Transaction: Input string was not in a correct format.
2021-06-30 14:05:28.4270 Debug - Bank2.Program: Hello
2021-06-30 14:07:49.6708 Debug - Bank2.Program: Hello
2021-06-30 14:12:53.0635 Debug - Bank2.Program: Hello
2021-06-30 14:18:07.7758 Debug - Bank2.Program: Hello
2021-06-30 14:20:41.7733 Debug - Bank2.Program: Hello
2021-06-30 14:21:02.3641 Debug - Bank2.Program: Hello
2021-06-30 14:21:46.8654 Debug - Bank2.Program: Hello
2021-06-30 14:21:46.9743 Error - Bank2.Transaction: Input string was not in a correct format.
2021-06-30 14:45:26.2949 Info - Bank2.Program: Program started
2021-06-30 14:45:26.3576 Error - Bank2.Transaction: Transaction on 01/03/2015 from Ben B to Sam N has a non decimal amount: One Cheeseburger
2021-06-30 15:12:09.3270 Info - Bank2.Program: Program started
2021-06-30 15:12:09.3799 Info - Bank2.Program: The program has successfully read the file.
2021-06-30 15:12:09.3799 Error - Bank2.Transaction: Transaction on 01/03/2015 from Ben B to Sam N has a non decimal amount: One Cheeseburger
2021-06-30 15:13:16.7147 Info - Bank2.Program: Program started
2021-06-30 15:15:59.2516 Info - Bank2.Program: Program started
2021-06-30 15:15:59.3397 Error - Bank2.Program: Could not find file 'C:\Users\eleevd\Training\Bank2\Bank2\bin\Debug\net5.0\Data\Transactions2016.csv'.
2021-06-30 15:18:57.3741 Info - Bank2.Program: Program started
2021-06-30 15:18:57.4873 Error - Bank2.Program: Could not find file 'C:\Users\eleevd\Training\Bank2\Bank2\bin\Debug\net5.0\Data\Transactions2016.csv'.
2021-06-30 15:20:27.7229 Info - Bank2.Program: Program started
2021-06-30 15:20:27.7837 Info - Bank2.Program: The program has successfully read the file.
2021-06-30 15:20:27.7837 Error - Bank2.Transaction: Transaction on 01/03/2015 from Ben B to Sam N has a non decimal amount: One Cheeseburger
2021-06-30 15:33:51.8352 Info - Bank2.Program: Program started
2021-06-30 15:33:51.8966 Info - Bank2.Program: The program has successfully read the file.
2021-06-30 15:33:51.9044 Error - Bank2.Transaction: Transaction on 01/03/2015 from Ben B to Sam N has a non decimal amount: One Cheeseburger
2021-06-30 15:33:55.5015 Error - Bank2.Program: User input an incorrect option, userInput: 4
2021-06-30 15:34:04.5938 Info - Bank2.Program: Function <ListAll> has been chosen.
2021-06-30 15:34:04.5938 Error - Bank2.Program: User input an incorrect option, userInput: 1
2021-06-30 15:36:12.2361 Info - Bank2.Program: Program started
2021-06-30 15:36:12.2919 Info - Bank2.Program: The program has successfully read the file.
2021-06-30 15:36:12.2979 Error - Bank2.Transaction: Transaction on 01/03/2015 from Ben B to Sam N has a non decimal amount: One Cheeseburger
2021-06-30 15:36:14.8320 Error - Bank2.Program: User input an incorrect option, userInput: 4
2021-06-30 15:36:17.4449 Info - Bank2.Program: Function List <UserAccount> has been chosen.
2021-06-30 15:38:56.9864 Info - Bank2.Program: Program started
2021-06-30 15:38:57.0462 Info - Bank2.Program: The program has successfully read the file.
2021-06-30 15:38:57.0462 Error - Bank2.Transaction: Transaction on 01/03/2015 from Ben B to Sam N has a non decimal amount: One Cheeseburger
2021-06-30 15:38:59.2334 Error - Bank2.Program: User input an incorrect option, userInput: 6
2021-06-30 15:39:05.5025 Info - Bank2.Program: User called List of jon A transaction report.
2021-06-30 15:42:38.9948 Info - Bank2.Program: Program started
2021-06-30 15:42:39.0630 Info - Bank2.Program: The program has successfully read the file.
2021-06-30 15:42:39.0630 Error - Bank2.Transaction: Transaction on 01/03/2015 from Ben B to Sam N has a non decimal amount: One Cheeseburger
2021-06-30 15:42:42.5739 Info - Bank2.Program: User called all users debts and lends report.
2021-06-30 15:42:49.1086 Info - Bank2.Program: Program started
2021-06-30 15:42:49.1570 Info - Bank2.Program: The program has successfully read the file.
2021-06-30 15:42:49.1570 Error - Bank2.Transaction: Transaction on 01/03/2015 from Ben B to Sam N has a non decimal amount: One Cheeseburger
2021-06-30 15:42:53.1815 Info - Bank2.Program: User called List of sdfsd transaction report.
2021-06-30 15:47:10.7940 Info - Bank2.Program: Program started
2021-06-30 15:47:10.8580 Info - Bank2.Program: The program has successfully read the file.
2021-06-30 15:47:10.8671 Error - Bank2.Transaction: Transaction on 01/03/2015 from Ben B to Sam N has a non decimal amount: One Cheeseburger
2021-06-30 15:47:14.8316 Error - Bank2.Program: sddf does not exist in our database... sorry...
